D:\EXISTENTE_AICI_PE_D\POO_ANDREEA\3#PROIECT\PARCAUTO\PARCAUTO\DEBUG\PARCAUTO.PCH
D:\EXISTENTE_AICI_PE_D\POO_ANDREEA\3#PROIECT\PARCAUTO\PARCAUTO\DEBUG\STDAFX.OBJ
D:\EXISTENTE_AICI_PE_D\POO_ANDREEA\3#PROIECT\PARCAUTO\PARCAUTO\DEBUG\VC110.PDB
D:\EXISTENTE_AICI_PE_D\POO_ANDREEA\3#PROIECT\PARCAUTO\PARCAUTO\DEBUG\MODELEPARC.OBJ
D:\EXISTENTE_AICI_PE_D\POO_ANDREEA\3#PROIECT\PARCAUTO\PARCAUTO\DEBUG\ASSEMBLYINFO.OBJ
D:\EXISTENTE_AICI_PE_D\POO_ANDREEA\3#PROIECT\PARCAUTO\PARCAUTO\DEBUG\.NETFRAMEWORK,VERSION=V4.5.ASSEMBLYATTRIBUTES.OBJ
D:\EXISTENTE_AICI_PE_D\POO_ANDREEA\3#PROIECT\PARCAUTO\PARCAUTO\DEBUG\PARCAUTO.OBJ
D:\EXISTENTE_AICI_PE_D\POO_ANDREEA\3#PROIECT\PARCAUTO\PARCAUTO\DEBUG\APP.RES
D:\EXISTENTE_AICI_PE_D\POO_Andreea\3#Proiect\ParcAuto\ParcAuto\Debug\ParcAuto.vcxprojResolveAssemblyReference.cache
D:\EXISTENTE_AICI_PE_D\POO_Andreea\3#Proiect\ParcAuto\ParcAuto\Debug\.NETFramework,Version=v4.5.AssemblyAttributes.obj
D:\EXISTENTE_AICI_PE_D\POO_Andreea\3#Proiect\ParcAuto\ParcAuto\Debug\AssemblyInfo.obj
D:\EXISTENTE_AICI_PE_D\POO_Andreea\3#Proiect\ParcAuto\ParcAuto\Debug\ModeleParc.obj
D:\EXISTENTE_AICI_PE_D\POO_Andreea\3#Proiect\ParcAuto\ParcAuto\Debug\OrdonareModele.obj
D:\EXISTENTE_AICI_PE_D\POO_Andreea\3#Proiect\ParcAuto\ParcAuto\Debug\ParcAuto.obj
D:\EXISTENTE_AICI_PE_D\POO_Andreea\3#Proiect\ParcAuto\ParcAuto\Debug\stdafx.obj
D:\EXISTENTE_AICI_PE_D\POO_Andreea\3#Proiect\ParcAuto\ParcAuto\Debug\cl.command.1.tlog
D:\EXISTENTE_AICI_PE_D\POO_Andreea\3#Proiect\ParcAuto\ParcAuto\Debug\CL.read.1.tlog
D:\EXISTENTE_AICI_PE_D\POO_Andreea\3#Proiect\ParcAuto\ParcAuto\Debug\CL.write.1.tlog
D:\EXISTENTE_AICI_PE_D\POO_Andreea\3#Proiect\ParcAuto\ParcAuto\Debug\link.11600-cvtres.read.1.tlog
D:\EXISTENTE_AICI_PE_D\POO_Andreea\3#Proiect\ParcAuto\ParcAuto\Debug\link.11600-cvtres.write.1.tlog
D:\EXISTENTE_AICI_PE_D\POO_Andreea\3#Proiect\ParcAuto\ParcAuto\Debug\link.11600-rc.read.1.tlog
D:\EXISTENTE_AICI_PE_D\POO_Andreea\3#Proiect\ParcAuto\ParcAuto\Debug\link.11600-rc.write.1.tlog
D:\EXISTENTE_AICI_PE_D\POO_Andreea\3#Proiect\ParcAuto\ParcAuto\Debug\link.11600.read.1.tlog
D:\EXISTENTE_AICI_PE_D\POO_Andreea\3#Proiect\ParcAuto\ParcAuto\Debug\link.11600.write.1.tlog
D:\EXISTENTE_AICI_PE_D\POO_Andreea\3#Proiect\ParcAuto\ParcAuto\Debug\link.12008-cvtres.read.1.tlog
D:\EXISTENTE_AICI_PE_D\POO_Andreea\3#Proiect\ParcAuto\ParcAuto\Debug\link.12008-cvtres.write.1.tlog
D:\EXISTENTE_AICI_PE_D\POO_Andreea\3#Proiect\ParcAuto\ParcAuto\Debug\link.12008-rc.read.1.tlog
D:\EXISTENTE_AICI_PE_D\POO_Andreea\3#Proiect\ParcAuto\ParcAuto\Debug\link.12008-rc.write.1.tlog
D:\EXISTENTE_AICI_PE_D\POO_Andreea\3#Proiect\ParcAuto\ParcAuto\Debug\link.12008.read.1.tlog
D:\EXISTENTE_AICI_PE_D\POO_Andreea\3#Proiect\ParcAuto\ParcAuto\Debug\link.12008.write.1.tlog
D:\EXISTENTE_AICI_PE_D\POO_Andreea\3#Proiect\ParcAuto\ParcAuto\Debug\link.12628-cvtres.read.1.tlog
D:\EXISTENTE_AICI_PE_D\POO_Andreea\3#Proiect\ParcAuto\ParcAuto\Debug\link.12628-cvtres.write.1.tlog
D:\EXISTENTE_AICI_PE_D\POO_Andreea\3#Proiect\ParcAuto\ParcAuto\Debug\link.12628-rc.read.1.tlog
D:\EXISTENTE_AICI_PE_D\POO_Andreea\3#Proiect\ParcAuto\ParcAuto\Debug\link.12628-rc.write.1.tlog
D:\EXISTENTE_AICI_PE_D\POO_Andreea\3#Proiect\ParcAuto\ParcAuto\Debug\link.12628.read.1.tlog
D:\EXISTENTE_AICI_PE_D\POO_Andreea\3#Proiect\ParcAuto\ParcAuto\Debug\link.12628.write.1.tlog
D:\EXISTENTE_AICI_PE_D\POO_Andreea\3#Proiect\ParcAuto\ParcAuto\Debug\link.12716-cvtres.read.1.tlog
D:\EXISTENTE_AICI_PE_D\POO_Andreea\3#Proiect\ParcAuto\ParcAuto\Debug\link.12716-cvtres.write.1.tlog
D:\EXISTENTE_AICI_PE_D\POO_Andreea\3#Proiect\ParcAuto\ParcAuto\Debug\link.12716-rc.read.1.tlog
D:\EXISTENTE_AICI_PE_D\POO_Andreea\3#Proiect\ParcAuto\ParcAuto\Debug\link.12716-rc.write.1.tlog
D:\EXISTENTE_AICI_PE_D\POO_Andreea\3#Proiect\ParcAuto\ParcAuto\Debug\link.12716.read.1.tlog
D:\EXISTENTE_AICI_PE_D\POO_Andreea\3#Proiect\ParcAuto\ParcAuto\Debug\link.12716.write.1.tlog
D:\EXISTENTE_AICI_PE_D\POO_Andreea\3#Proiect\ParcAuto\ParcAuto\Debug\link.14188-cvtres.read.1.tlog
D:\EXISTENTE_AICI_PE_D\POO_Andreea\3#Proiect\ParcAuto\ParcAuto\Debug\link.14188-cvtres.write.1.tlog
D:\EXISTENTE_AICI_PE_D\POO_Andreea\3#Proiect\ParcAuto\ParcAuto\Debug\link.14188-rc.read.1.tlog
D:\EXISTENTE_AICI_PE_D\POO_Andreea\3#Proiect\ParcAuto\ParcAuto\Debug\link.14188-rc.write.1.tlog
D:\EXISTENTE_AICI_PE_D\POO_Andreea\3#Proiect\ParcAuto\ParcAuto\Debug\link.14188.read.1.tlog
D:\EXISTENTE_AICI_PE_D\POO_Andreea\3#Proiect\ParcAuto\ParcAuto\Debug\link.14188.write.1.tlog
D:\EXISTENTE_AICI_PE_D\POO_Andreea\3#Proiect\ParcAuto\ParcAuto\Debug\link.15048-cvtres.read.1.tlog
D:\EXISTENTE_AICI_PE_D\POO_Andreea\3#Proiect\ParcAuto\ParcAuto\Debug\link.15048-cvtres.write.1.tlog
D:\EXISTENTE_AICI_PE_D\POO_Andreea\3#Proiect\ParcAuto\ParcAuto\Debug\link.15048-rc.read.1.tlog
D:\EXISTENTE_AICI_PE_D\POO_Andreea\3#Proiect\ParcAuto\ParcAuto\Debug\link.15048-rc.write.1.tlog
D:\EXISTENTE_AICI_PE_D\POO_Andreea\3#Proiect\ParcAuto\ParcAuto\Debug\link.15048.read.1.tlog
D:\EXISTENTE_AICI_PE_D\POO_Andreea\3#Proiect\ParcAuto\ParcAuto\Debug\link.15048.write.1.tlog
D:\EXISTENTE_AICI_PE_D\POO_Andreea\3#Proiect\ParcAuto\ParcAuto\Debug\link.15872-cvtres.read.1.tlog
D:\EXISTENTE_AICI_PE_D\POO_Andreea\3#Proiect\ParcAuto\ParcAuto\Debug\link.15872-cvtres.write.1.tlog
D:\EXISTENTE_AICI_PE_D\POO_Andreea\3#Proiect\ParcAuto\ParcAuto\Debug\link.15872-rc.read.1.tlog
D:\EXISTENTE_AICI_PE_D\POO_Andreea\3#Proiect\ParcAuto\ParcAuto\Debug\link.15872-rc.write.1.tlog
D:\EXISTENTE_AICI_PE_D\POO_Andreea\3#Proiect\ParcAuto\ParcAuto\Debug\link.15872.read.1.tlog
D:\EXISTENTE_AICI_PE_D\POO_Andreea\3#Proiect\ParcAuto\ParcAuto\Debug\link.15872.write.1.tlog
D:\EXISTENTE_AICI_PE_D\POO_Andreea\3#Proiect\ParcAuto\ParcAuto\Debug\link.16248-cvtres.read.1.tlog
D:\EXISTENTE_AICI_PE_D\POO_Andreea\3#Proiect\ParcAuto\ParcAuto\Debug\link.16248-cvtres.write.1.tlog
D:\EXISTENTE_AICI_PE_D\POO_Andreea\3#Proiect\ParcAuto\ParcAuto\Debug\link.16248-rc.read.1.tlog
D:\EXISTENTE_AICI_PE_D\POO_Andreea\3#Proiect\ParcAuto\ParcAuto\Debug\link.16248-rc.write.1.tlog
D:\EXISTENTE_AICI_PE_D\POO_Andreea\3#Proiect\ParcAuto\ParcAuto\Debug\link.16248.read.1.tlog
D:\EXISTENTE_AICI_PE_D\POO_Andreea\3#Proiect\ParcAuto\ParcAuto\Debug\link.16248.write.1.tlog
D:\EXISTENTE_AICI_PE_D\POO_Andreea\3#Proiect\ParcAuto\ParcAuto\Debug\link.16340-cvtres.read.1.tlog
D:\EXISTENTE_AICI_PE_D\POO_Andreea\3#Proiect\ParcAuto\ParcAuto\Debug\link.16340-cvtres.write.1.tlog
D:\EXISTENTE_AICI_PE_D\POO_Andreea\3#Proiect\ParcAuto\ParcAuto\Debug\link.16340-rc.read.1.tlog
D:\EXISTENTE_AICI_PE_D\POO_Andreea\3#Proiect\ParcAuto\ParcAuto\Debug\link.16340-rc.write.1.tlog
D:\EXISTENTE_AICI_PE_D\POO_Andreea\3#Proiect\ParcAuto\ParcAuto\Debug\link.16340.read.1.tlog
D:\EXISTENTE_AICI_PE_D\POO_Andreea\3#Proiect\ParcAuto\ParcAuto\Debug\link.16340.write.1.tlog
D:\EXISTENTE_AICI_PE_D\POO_Andreea\3#Proiect\ParcAuto\ParcAuto\Debug\link.18392-cvtres.read.1.tlog
D:\EXISTENTE_AICI_PE_D\POO_Andreea\3#Proiect\ParcAuto\ParcAuto\Debug\link.18392-cvtres.write.1.tlog
D:\EXISTENTE_AICI_PE_D\POO_Andreea\3#Proiect\ParcAuto\ParcAuto\Debug\link.18392-rc.read.1.tlog
D:\EXISTENTE_AICI_PE_D\POO_Andreea\3#Proiect\ParcAuto\ParcAuto\Debug\link.18392-rc.write.1.tlog
D:\EXISTENTE_AICI_PE_D\POO_Andreea\3#Proiect\ParcAuto\ParcAuto\Debug\link.18392.read.1.tlog
D:\EXISTENTE_AICI_PE_D\POO_Andreea\3#Proiect\ParcAuto\ParcAuto\Debug\link.18392.write.1.tlog
D:\EXISTENTE_AICI_PE_D\POO_Andreea\3#Proiect\ParcAuto\ParcAuto\Debug\link.18676-cvtres.read.1.tlog
D:\EXISTENTE_AICI_PE_D\POO_Andreea\3#Proiect\ParcAuto\ParcAuto\Debug\link.18676-cvtres.write.1.tlog
D:\EXISTENTE_AICI_PE_D\POO_Andreea\3#Proiect\ParcAuto\ParcAuto\Debug\link.18676-rc.read.1.tlog
D:\EXISTENTE_AICI_PE_D\POO_Andreea\3#Proiect\ParcAuto\ParcAuto\Debug\link.18676-rc.write.1.tlog
D:\EXISTENTE_AICI_PE_D\POO_Andreea\3#Proiect\ParcAuto\ParcAuto\Debug\link.18676.read.1.tlog
D:\EXISTENTE_AICI_PE_D\POO_Andreea\3#Proiect\ParcAuto\ParcAuto\Debug\link.18676.write.1.tlog
D:\EXISTENTE_AICI_PE_D\POO_Andreea\3#Proiect\ParcAuto\ParcAuto\Debug\link.18820-cvtres.read.1.tlog
D:\EXISTENTE_AICI_PE_D\POO_Andreea\3#Proiect\ParcAuto\ParcAuto\Debug\link.18820-cvtres.write.1.tlog
D:\EXISTENTE_AICI_PE_D\POO_Andreea\3#Proiect\ParcAuto\ParcAuto\Debug\link.18820-rc.read.1.tlog
D:\EXISTENTE_AICI_PE_D\POO_Andreea\3#Proiect\ParcAuto\ParcAuto\Debug\link.18820-rc.write.1.tlog
D:\EXISTENTE_AICI_PE_D\POO_Andreea\3#Proiect\ParcAuto\ParcAuto\Debug\link.18820.read.1.tlog
D:\EXISTENTE_AICI_PE_D\POO_Andreea\3#Proiect\ParcAuto\ParcAuto\Debug\link.18820.write.1.tlog
D:\EXISTENTE_AICI_PE_D\POO_Andreea\3#Proiect\ParcAuto\ParcAuto\Debug\link.19692-cvtres.read.1.tlog
D:\EXISTENTE_AICI_PE_D\POO_Andreea\3#Proiect\ParcAuto\ParcAuto\Debug\link.19692-cvtres.write.1.tlog
D:\EXISTENTE_AICI_PE_D\POO_Andreea\3#Proiect\ParcAuto\ParcAuto\Debug\link.19692-rc.read.1.tlog
D:\EXISTENTE_AICI_PE_D\POO_Andreea\3#Proiect\ParcAuto\ParcAuto\Debug\link.19692-rc.write.1.tlog
D:\EXISTENTE_AICI_PE_D\POO_Andreea\3#Proiect\ParcAuto\ParcAuto\Debug\link.19692.read.1.tlog
D:\EXISTENTE_AICI_PE_D\POO_Andreea\3#Proiect\ParcAuto\ParcAuto\Debug\link.19692.write.1.tlog
D:\EXISTENTE_AICI_PE_D\POO_Andreea\3#Proiect\ParcAuto\ParcAuto\Debug\link.19732-cvtres.read.1.tlog
D:\EXISTENTE_AICI_PE_D\POO_Andreea\3#Proiect\ParcAuto\ParcAuto\Debug\link.19732-cvtres.write.1.tlog
D:\EXISTENTE_AICI_PE_D\POO_Andreea\3#Proiect\ParcAuto\ParcAuto\Debug\link.19732-rc.read.1.tlog
D:\EXISTENTE_AICI_PE_D\POO_Andreea\3#Proiect\ParcAuto\ParcAuto\Debug\link.19732-rc.write.1.tlog
D:\EXISTENTE_AICI_PE_D\POO_Andreea\3#Proiect\ParcAuto\ParcAuto\Debug\link.19732.read.1.tlog
D:\EXISTENTE_AICI_PE_D\POO_Andreea\3#Proiect\ParcAuto\ParcAuto\Debug\link.19732.write.1.tlog
D:\EXISTENTE_AICI_PE_D\POO_Andreea\3#Proiect\ParcAuto\ParcAuto\Debug\link.21672-cvtres.read.1.tlog
D:\EXISTENTE_AICI_PE_D\POO_Andreea\3#Proiect\ParcAuto\ParcAuto\Debug\link.21672-cvtres.write.1.tlog
D:\EXISTENTE_AICI_PE_D\POO_Andreea\3#Proiect\ParcAuto\ParcAuto\Debug\link.21672-rc.read.1.tlog
D:\EXISTENTE_AICI_PE_D\POO_Andreea\3#Proiect\ParcAuto\ParcAuto\Debug\link.21672-rc.write.1.tlog
D:\EXISTENTE_AICI_PE_D\POO_Andreea\3#Proiect\ParcAuto\ParcAuto\Debug\link.21672.read.1.tlog
D:\EXISTENTE_AICI_PE_D\POO_Andreea\3#Proiect\ParcAuto\ParcAuto\Debug\link.21672.write.1.tlog
D:\EXISTENTE_AICI_PE_D\POO_Andreea\3#Proiect\ParcAuto\ParcAuto\Debug\link.22336-cvtres.read.1.tlog
D:\EXISTENTE_AICI_PE_D\POO_Andreea\3#Proiect\ParcAuto\ParcAuto\Debug\link.22336-cvtres.write.1.tlog
D:\EXISTENTE_AICI_PE_D\POO_Andreea\3#Proiect\ParcAuto\ParcAuto\Debug\link.22336-rc.read.1.tlog
D:\EXISTENTE_AICI_PE_D\POO_Andreea\3#Proiect\ParcAuto\ParcAuto\Debug\link.22336-rc.write.1.tlog
D:\EXISTENTE_AICI_PE_D\POO_Andreea\3#Proiect\ParcAuto\ParcAuto\Debug\link.22336.read.1.tlog
D:\EXISTENTE_AICI_PE_D\POO_Andreea\3#Proiect\ParcAuto\ParcAuto\Debug\link.22336.write.1.tlog
D:\EXISTENTE_AICI_PE_D\POO_Andreea\3#Proiect\ParcAuto\ParcAuto\Debug\link.22472-cvtres.read.1.tlog
D:\EXISTENTE_AICI_PE_D\POO_Andreea\3#Proiect\ParcAuto\ParcAuto\Debug\link.22472-cvtres.write.1.tlog
D:\EXISTENTE_AICI_PE_D\POO_Andreea\3#Proiect\ParcAuto\ParcAuto\Debug\link.22472-rc.read.1.tlog
D:\EXISTENTE_AICI_PE_D\POO_Andreea\3#Proiect\ParcAuto\ParcAuto\Debug\link.22472-rc.write.1.tlog
D:\EXISTENTE_AICI_PE_D\POO_Andreea\3#Proiect\ParcAuto\ParcAuto\Debug\link.22472.read.1.tlog
D:\EXISTENTE_AICI_PE_D\POO_Andreea\3#Proiect\ParcAuto\ParcAuto\Debug\link.22472.write.1.tlog
D:\EXISTENTE_AICI_PE_D\POO_Andreea\3#Proiect\ParcAuto\ParcAuto\Debug\link.22652-cvtres.read.1.tlog
D:\EXISTENTE_AICI_PE_D\POO_Andreea\3#Proiect\ParcAuto\ParcAuto\Debug\link.22652-cvtres.write.1.tlog
D:\EXISTENTE_AICI_PE_D\POO_Andreea\3#Proiect\ParcAuto\ParcAuto\Debug\link.22652-rc.read.1.tlog
D:\EXISTENTE_AICI_PE_D\POO_Andreea\3#Proiect\ParcAuto\ParcAuto\Debug\link.22652-rc.write.1.tlog
D:\EXISTENTE_AICI_PE_D\POO_Andreea\3#Proiect\ParcAuto\ParcAuto\Debug\link.22652.read.1.tlog
D:\EXISTENTE_AICI_PE_D\POO_Andreea\3#Proiect\ParcAuto\ParcAuto\Debug\link.22652.write.1.tlog
D:\EXISTENTE_AICI_PE_D\POO_Andreea\3#Proiect\ParcAuto\ParcAuto\Debug\link.23024-cvtres.read.1.tlog
D:\EXISTENTE_AICI_PE_D\POO_Andreea\3#Proiect\ParcAuto\ParcAuto\Debug\link.23024-cvtres.write.1.tlog
D:\EXISTENTE_AICI_PE_D\POO_Andreea\3#Proiect\ParcAuto\ParcAuto\Debug\link.23024-rc.read.1.tlog
D:\EXISTENTE_AICI_PE_D\POO_Andreea\3#Proiect\ParcAuto\ParcAuto\Debug\link.23024-rc.write.1.tlog
D:\EXISTENTE_AICI_PE_D\POO_Andreea\3#Proiect\ParcAuto\ParcAuto\Debug\link.23024.read.1.tlog
D:\EXISTENTE_AICI_PE_D\POO_Andreea\3#Proiect\ParcAuto\ParcAuto\Debug\link.23024.write.1.tlog
D:\EXISTENTE_AICI_PE_D\POO_Andreea\3#Proiect\ParcAuto\ParcAuto\Debug\link.23132-cvtres.read.1.tlog
D:\EXISTENTE_AICI_PE_D\POO_Andreea\3#Proiect\ParcAuto\ParcAuto\Debug\link.23132-cvtres.write.1.tlog
D:\EXISTENTE_AICI_PE_D\POO_Andreea\3#Proiect\ParcAuto\ParcAuto\Debug\link.23132-rc.read.1.tlog
D:\EXISTENTE_AICI_PE_D\POO_Andreea\3#Proiect\ParcAuto\ParcAuto\Debug\link.23132-rc.write.1.tlog
D:\EXISTENTE_AICI_PE_D\POO_Andreea\3#Proiect\ParcAuto\ParcAuto\Debug\link.23132.read.1.tlog
D:\EXISTENTE_AICI_PE_D\POO_Andreea\3#Proiect\ParcAuto\ParcAuto\Debug\link.23132.write.1.tlog
D:\EXISTENTE_AICI_PE_D\POO_Andreea\3#Proiect\ParcAuto\ParcAuto\Debug\link.23232-cvtres.read.1.tlog
D:\EXISTENTE_AICI_PE_D\POO_Andreea\3#Proiect\ParcAuto\ParcAuto\Debug\link.23232-cvtres.write.1.tlog
D:\EXISTENTE_AICI_PE_D\POO_Andreea\3#Proiect\ParcAuto\ParcAuto\Debug\link.23232-rc.read.1.tlog
D:\EXISTENTE_AICI_PE_D\POO_Andreea\3#Proiect\ParcAuto\ParcAuto\Debug\link.23232-rc.write.1.tlog
D:\EXISTENTE_AICI_PE_D\POO_Andreea\3#Proiect\ParcAuto\ParcAuto\Debug\link.23232.read.1.tlog
D:\EXISTENTE_AICI_PE_D\POO_Andreea\3#Proiect\ParcAuto\ParcAuto\Debug\link.23232.write.1.tlog
D:\EXISTENTE_AICI_PE_D\POO_Andreea\3#Proiect\ParcAuto\ParcAuto\Debug\link.24468-cvtres.read.1.tlog
D:\EXISTENTE_AICI_PE_D\POO_Andreea\3#Proiect\ParcAuto\ParcAuto\Debug\link.24468-cvtres.write.1.tlog
D:\EXISTENTE_AICI_PE_D\POO_Andreea\3#Proiect\ParcAuto\ParcAuto\Debug\link.24468-rc.read.1.tlog
D:\EXISTENTE_AICI_PE_D\POO_Andreea\3#Proiect\ParcAuto\ParcAuto\Debug\link.24468-rc.write.1.tlog
D:\EXISTENTE_AICI_PE_D\POO_Andreea\3#Proiect\ParcAuto\ParcAuto\Debug\link.24468.read.1.tlog
D:\EXISTENTE_AICI_PE_D\POO_Andreea\3#Proiect\ParcAuto\ParcAuto\Debug\link.24468.write.1.tlog
D:\EXISTENTE_AICI_PE_D\POO_Andreea\3#Proiect\ParcAuto\ParcAuto\Debug\link.24592-cvtres.read.1.tlog
D:\EXISTENTE_AICI_PE_D\POO_Andreea\3#Proiect\ParcAuto\ParcAuto\Debug\link.24592-cvtres.write.1.tlog
D:\EXISTENTE_AICI_PE_D\POO_Andreea\3#Proiect\ParcAuto\ParcAuto\Debug\link.24592-rc.read.1.tlog
D:\EXISTENTE_AICI_PE_D\POO_Andreea\3#Proiect\ParcAuto\ParcAuto\Debug\link.24592-rc.write.1.tlog
D:\EXISTENTE_AICI_PE_D\POO_Andreea\3#Proiect\ParcAuto\ParcAuto\Debug\link.24592.read.1.tlog
D:\EXISTENTE_AICI_PE_D\POO_Andreea\3#Proiect\ParcAuto\ParcAuto\Debug\link.24592.write.1.tlog
D:\EXISTENTE_AICI_PE_D\POO_Andreea\3#Proiect\ParcAuto\ParcAuto\Debug\link.24656-cvtres.read.1.tlog
D:\EXISTENTE_AICI_PE_D\POO_Andreea\3#Proiect\ParcAuto\ParcAuto\Debug\link.24656-cvtres.write.1.tlog
D:\EXISTENTE_AICI_PE_D\POO_Andreea\3#Proiect\ParcAuto\ParcAuto\Debug\link.24656-rc.read.1.tlog
D:\EXISTENTE_AICI_PE_D\POO_Andreea\3#Proiect\ParcAuto\ParcAuto\Debug\link.24656-rc.write.1.tlog
D:\EXISTENTE_AICI_PE_D\POO_Andreea\3#Proiect\ParcAuto\ParcAuto\Debug\link.24656.read.1.tlog
D:\EXISTENTE_AICI_PE_D\POO_Andreea\3#Proiect\ParcAuto\ParcAuto\Debug\link.24656.write.1.tlog
D:\EXISTENTE_AICI_PE_D\POO_Andreea\3#Proiect\ParcAuto\ParcAuto\Debug\link.24708-cvtres.read.1.tlog
D:\EXISTENTE_AICI_PE_D\POO_Andreea\3#Proiect\ParcAuto\ParcAuto\Debug\link.24708-cvtres.write.1.tlog
D:\EXISTENTE_AICI_PE_D\POO_Andreea\3#Proiect\ParcAuto\ParcAuto\Debug\link.24708-rc.read.1.tlog
D:\EXISTENTE_AICI_PE_D\POO_Andreea\3#Proiect\ParcAuto\ParcAuto\Debug\link.24708-rc.write.1.tlog
D:\EXISTENTE_AICI_PE_D\POO_Andreea\3#Proiect\ParcAuto\ParcAuto\Debug\link.24708.read.1.tlog
D:\EXISTENTE_AICI_PE_D\POO_Andreea\3#Proiect\ParcAuto\ParcAuto\Debug\link.24708.write.1.tlog
D:\EXISTENTE_AICI_PE_D\POO_Andreea\3#Proiect\ParcAuto\ParcAuto\Debug\link.24916-cvtres.read.1.tlog
D:\EXISTENTE_AICI_PE_D\POO_Andreea\3#Proiect\ParcAuto\ParcAuto\Debug\link.24916-cvtres.write.1.tlog
D:\EXISTENTE_AICI_PE_D\POO_Andreea\3#Proiect\ParcAuto\ParcAuto\Debug\link.24916-rc.read.1.tlog
D:\EXISTENTE_AICI_PE_D\POO_Andreea\3#Proiect\ParcAuto\ParcAuto\Debug\link.24916-rc.write.1.tlog
D:\EXISTENTE_AICI_PE_D\POO_Andreea\3#Proiect\ParcAuto\ParcAuto\Debug\link.24916.read.1.tlog
D:\EXISTENTE_AICI_PE_D\POO_Andreea\3#Proiect\ParcAuto\ParcAuto\Debug\link.24916.write.1.tlog
D:\EXISTENTE_AICI_PE_D\POO_Andreea\3#Proiect\ParcAuto\ParcAuto\Debug\link.25136-cvtres.read.1.tlog
D:\EXISTENTE_AICI_PE_D\POO_Andreea\3#Proiect\ParcAuto\ParcAuto\Debug\link.25136-cvtres.write.1.tlog
D:\EXISTENTE_AICI_PE_D\POO_Andreea\3#Proiect\ParcAuto\ParcAuto\Debug\link.25136-rc.read.1.tlog
D:\EXISTENTE_AICI_PE_D\POO_Andreea\3#Proiect\ParcAuto\ParcAuto\Debug\link.25136-rc.write.1.tlog
D:\EXISTENTE_AICI_PE_D\POO_Andreea\3#Proiect\ParcAuto\ParcAuto\Debug\link.25136.read.1.tlog
D:\EXISTENTE_AICI_PE_D\POO_Andreea\3#Proiect\ParcAuto\ParcAuto\Debug\link.25136.write.1.tlog
D:\EXISTENTE_AICI_PE_D\POO_Andreea\3#Proiect\ParcAuto\ParcAuto\Debug\link.25152-cvtres.read.1.tlog
D:\EXISTENTE_AICI_PE_D\POO_Andreea\3#Proiect\ParcAuto\ParcAuto\Debug\link.25152-cvtres.write.1.tlog
D:\EXISTENTE_AICI_PE_D\POO_Andreea\3#Proiect\ParcAuto\ParcAuto\Debug\link.25152-rc.read.1.tlog
D:\EXISTENTE_AICI_PE_D\POO_Andreea\3#Proiect\ParcAuto\ParcAuto\Debug\link.25152-rc.write.1.tlog
D:\EXISTENTE_AICI_PE_D\POO_Andreea\3#Proiect\ParcAuto\ParcAuto\Debug\link.25152.read.1.tlog
D:\EXISTENTE_AICI_PE_D\POO_Andreea\3#Proiect\ParcAuto\ParcAuto\Debug\link.25152.write.1.tlog
D:\EXISTENTE_AICI_PE_D\POO_Andreea\3#Proiect\ParcAuto\ParcAuto\Debug\link.25276-cvtres.read.1.tlog
D:\EXISTENTE_AICI_PE_D\POO_Andreea\3#Proiect\ParcAuto\ParcAuto\Debug\link.25276-cvtres.write.1.tlog
D:\EXISTENTE_AICI_PE_D\POO_Andreea\3#Proiect\ParcAuto\ParcAuto\Debug\link.25276-rc.read.1.tlog
D:\EXISTENTE_AICI_PE_D\POO_Andreea\3#Proiect\ParcAuto\ParcAuto\Debug\link.25276-rc.write.1.tlog
D:\EXISTENTE_AICI_PE_D\POO_Andreea\3#Proiect\ParcAuto\ParcAuto\Debug\link.25276.read.1.tlog
D:\EXISTENTE_AICI_PE_D\POO_Andreea\3#Proiect\ParcAuto\ParcAuto\Debug\link.25276.write.1.tlog
D:\EXISTENTE_AICI_PE_D\POO_Andreea\3#Proiect\ParcAuto\ParcAuto\Debug\link.25928-cvtres.read.1.tlog
D:\EXISTENTE_AICI_PE_D\POO_Andreea\3#Proiect\ParcAuto\ParcAuto\Debug\link.25928-cvtres.write.1.tlog
D:\EXISTENTE_AICI_PE_D\POO_Andreea\3#Proiect\ParcAuto\ParcAuto\Debug\link.25928-rc.read.1.tlog
D:\EXISTENTE_AICI_PE_D\POO_Andreea\3#Proiect\ParcAuto\ParcAuto\Debug\link.25928-rc.write.1.tlog
D:\EXISTENTE_AICI_PE_D\POO_Andreea\3#Proiect\ParcAuto\ParcAuto\Debug\link.25928.read.1.tlog
D:\EXISTENTE_AICI_PE_D\POO_Andreea\3#Proiect\ParcAuto\ParcAuto\Debug\link.25928.write.1.tlog
D:\EXISTENTE_AICI_PE_D\POO_Andreea\3#Proiect\ParcAuto\ParcAuto\Debug\link.25992-cvtres.read.1.tlog
D:\EXISTENTE_AICI_PE_D\POO_Andreea\3#Proiect\ParcAuto\ParcAuto\Debug\link.25992-cvtres.write.1.tlog
D:\EXISTENTE_AICI_PE_D\POO_Andreea\3#Proiect\ParcAuto\ParcAuto\Debug\link.25992-rc.read.1.tlog
D:\EXISTENTE_AICI_PE_D\POO_Andreea\3#Proiect\ParcAuto\ParcAuto\Debug\link.25992-rc.write.1.tlog
D:\EXISTENTE_AICI_PE_D\POO_Andreea\3#Proiect\ParcAuto\ParcAuto\Debug\link.25992.read.1.tlog
D:\EXISTENTE_AICI_PE_D\POO_Andreea\3#Proiect\ParcAuto\ParcAuto\Debug\link.25992.write.1.tlog
D:\EXISTENTE_AICI_PE_D\POO_Andreea\3#Proiect\ParcAuto\ParcAuto\Debug\link.26032-cvtres.read.1.tlog
D:\EXISTENTE_AICI_PE_D\POO_Andreea\3#Proiect\ParcAuto\ParcAuto\Debug\link.26032-cvtres.write.1.tlog
D:\EXISTENTE_AICI_PE_D\POO_Andreea\3#Proiect\ParcAuto\ParcAuto\Debug\link.26032-rc.read.1.tlog
D:\EXISTENTE_AICI_PE_D\POO_Andreea\3#Proiect\ParcAuto\ParcAuto\Debug\link.26032-rc.write.1.tlog
D:\EXISTENTE_AICI_PE_D\POO_Andreea\3#Proiect\ParcAuto\ParcAuto\Debug\link.26032.read.1.tlog
D:\EXISTENTE_AICI_PE_D\POO_Andreea\3#Proiect\ParcAuto\ParcAuto\Debug\link.26032.write.1.tlog
D:\EXISTENTE_AICI_PE_D\POO_Andreea\3#Proiect\ParcAuto\ParcAuto\Debug\link.26372-cvtres.read.1.tlog
D:\EXISTENTE_AICI_PE_D\POO_Andreea\3#Proiect\ParcAuto\ParcAuto\Debug\link.26372-cvtres.write.1.tlog
D:\EXISTENTE_AICI_PE_D\POO_Andreea\3#Proiect\ParcAuto\ParcAuto\Debug\link.26372-rc.read.1.tlog
D:\EXISTENTE_AICI_PE_D\POO_Andreea\3#Proiect\ParcAuto\ParcAuto\Debug\link.26372-rc.write.1.tlog
D:\EXISTENTE_AICI_PE_D\POO_Andreea\3#Proiect\ParcAuto\ParcAuto\Debug\link.26372.read.1.tlog
D:\EXISTENTE_AICI_PE_D\POO_Andreea\3#Proiect\ParcAuto\ParcAuto\Debug\link.26372.write.1.tlog
D:\EXISTENTE_AICI_PE_D\POO_Andreea\3#Proiect\ParcAuto\ParcAuto\Debug\link.26572-cvtres.read.1.tlog
D:\EXISTENTE_AICI_PE_D\POO_Andreea\3#Proiect\ParcAuto\ParcAuto\Debug\link.26572-cvtres.write.1.tlog
D:\EXISTENTE_AICI_PE_D\POO_Andreea\3#Proiect\ParcAuto\ParcAuto\Debug\link.26572-rc.read.1.tlog
D:\EXISTENTE_AICI_PE_D\POO_Andreea\3#Proiect\ParcAuto\ParcAuto\Debug\link.26572-rc.write.1.tlog
D:\EXISTENTE_AICI_PE_D\POO_Andreea\3#Proiect\ParcAuto\ParcAuto\Debug\link.26572.read.1.tlog
D:\EXISTENTE_AICI_PE_D\POO_Andreea\3#Proiect\ParcAuto\ParcAuto\Debug\link.26572.write.1.tlog
D:\EXISTENTE_AICI_PE_D\POO_Andreea\3#Proiect\ParcAuto\ParcAuto\Debug\link.3208-cvtres.read.1.tlog
D:\EXISTENTE_AICI_PE_D\POO_Andreea\3#Proiect\ParcAuto\ParcAuto\Debug\link.3208-cvtres.write.1.tlog
D:\EXISTENTE_AICI_PE_D\POO_Andreea\3#Proiect\ParcAuto\ParcAuto\Debug\link.3208-rc.read.1.tlog
D:\EXISTENTE_AICI_PE_D\POO_Andreea\3#Proiect\ParcAuto\ParcAuto\Debug\link.3208-rc.write.1.tlog
D:\EXISTENTE_AICI_PE_D\POO_Andreea\3#Proiect\ParcAuto\ParcAuto\Debug\link.3208.read.1.tlog
D:\EXISTENTE_AICI_PE_D\POO_Andreea\3#Proiect\ParcAuto\ParcAuto\Debug\link.3208.write.1.tlog
D:\EXISTENTE_AICI_PE_D\POO_Andreea\3#Proiect\ParcAuto\ParcAuto\Debug\link.3860-cvtres.read.1.tlog
D:\EXISTENTE_AICI_PE_D\POO_Andreea\3#Proiect\ParcAuto\ParcAuto\Debug\link.3860-cvtres.write.1.tlog
D:\EXISTENTE_AICI_PE_D\POO_Andreea\3#Proiect\ParcAuto\ParcAuto\Debug\link.3860-rc.read.1.tlog
D:\EXISTENTE_AICI_PE_D\POO_Andreea\3#Proiect\ParcAuto\ParcAuto\Debug\link.3860-rc.write.1.tlog
D:\EXISTENTE_AICI_PE_D\POO_Andreea\3#Proiect\ParcAuto\ParcAuto\Debug\link.3860.read.1.tlog
D:\EXISTENTE_AICI_PE_D\POO_Andreea\3#Proiect\ParcAuto\ParcAuto\Debug\link.3860.write.1.tlog
D:\EXISTENTE_AICI_PE_D\POO_Andreea\3#Proiect\ParcAuto\ParcAuto\Debug\link.3948-cvtres.read.1.tlog
D:\EXISTENTE_AICI_PE_D\POO_Andreea\3#Proiect\ParcAuto\ParcAuto\Debug\link.3948-cvtres.write.1.tlog
D:\EXISTENTE_AICI_PE_D\POO_Andreea\3#Proiect\ParcAuto\ParcAuto\Debug\link.3948-rc.read.1.tlog
D:\EXISTENTE_AICI_PE_D\POO_Andreea\3#Proiect\ParcAuto\ParcAuto\Debug\link.3948-rc.write.1.tlog
D:\EXISTENTE_AICI_PE_D\POO_Andreea\3#Proiect\ParcAuto\ParcAuto\Debug\link.3948.read.1.tlog
D:\EXISTENTE_AICI_PE_D\POO_Andreea\3#Proiect\ParcAuto\ParcAuto\Debug\link.3948.write.1.tlog
D:\EXISTENTE_AICI_PE_D\POO_Andreea\3#Proiect\ParcAuto\ParcAuto\Debug\link.4944-cvtres.read.1.tlog
D:\EXISTENTE_AICI_PE_D\POO_Andreea\3#Proiect\ParcAuto\ParcAuto\Debug\link.4944-cvtres.write.1.tlog
D:\EXISTENTE_AICI_PE_D\POO_Andreea\3#Proiect\ParcAuto\ParcAuto\Debug\link.4944-rc.read.1.tlog
D:\EXISTENTE_AICI_PE_D\POO_Andreea\3#Proiect\ParcAuto\ParcAuto\Debug\link.4944-rc.write.1.tlog
D:\EXISTENTE_AICI_PE_D\POO_Andreea\3#Proiect\ParcAuto\ParcAuto\Debug\link.4944.read.1.tlog
D:\EXISTENTE_AICI_PE_D\POO_Andreea\3#Proiect\ParcAuto\ParcAuto\Debug\link.4944.write.1.tlog
D:\EXISTENTE_AICI_PE_D\POO_Andreea\3#Proiect\ParcAuto\ParcAuto\Debug\link.6292-cvtres.read.1.tlog
D:\EXISTENTE_AICI_PE_D\POO_Andreea\3#Proiect\ParcAuto\ParcAuto\Debug\link.6292-cvtres.write.1.tlog
D:\EXISTENTE_AICI_PE_D\POO_Andreea\3#Proiect\ParcAuto\ParcAuto\Debug\link.6292-rc.read.1.tlog
D:\EXISTENTE_AICI_PE_D\POO_Andreea\3#Proiect\ParcAuto\ParcAuto\Debug\link.6292-rc.write.1.tlog
D:\EXISTENTE_AICI_PE_D\POO_Andreea\3#Proiect\ParcAuto\ParcAuto\Debug\link.6292.read.1.tlog
D:\EXISTENTE_AICI_PE_D\POO_Andreea\3#Proiect\ParcAuto\ParcAuto\Debug\link.6292.write.1.tlog
D:\EXISTENTE_AICI_PE_D\POO_Andreea\3#Proiect\ParcAuto\ParcAuto\Debug\link.6424-cvtres.read.1.tlog
D:\EXISTENTE_AICI_PE_D\POO_Andreea\3#Proiect\ParcAuto\ParcAuto\Debug\link.6424-cvtres.write.1.tlog
D:\EXISTENTE_AICI_PE_D\POO_Andreea\3#Proiect\ParcAuto\ParcAuto\Debug\link.6424-rc.read.1.tlog
D:\EXISTENTE_AICI_PE_D\POO_Andreea\3#Proiect\ParcAuto\ParcAuto\Debug\link.6424-rc.write.1.tlog
D:\EXISTENTE_AICI_PE_D\POO_Andreea\3#Proiect\ParcAuto\ParcAuto\Debug\link.6424.read.1.tlog
D:\EXISTENTE_AICI_PE_D\POO_Andreea\3#Proiect\ParcAuto\ParcAuto\Debug\link.6424.write.1.tlog
D:\EXISTENTE_AICI_PE_D\POO_Andreea\3#Proiect\ParcAuto\ParcAuto\Debug\link.7668-cvtres.read.1.tlog
D:\EXISTENTE_AICI_PE_D\POO_Andreea\3#Proiect\ParcAuto\ParcAuto\Debug\link.7668-cvtres.write.1.tlog
D:\EXISTENTE_AICI_PE_D\POO_Andreea\3#Proiect\ParcAuto\ParcAuto\Debug\link.7668-rc.read.1.tlog
D:\EXISTENTE_AICI_PE_D\POO_Andreea\3#Proiect\ParcAuto\ParcAuto\Debug\link.7668-rc.write.1.tlog
D:\EXISTENTE_AICI_PE_D\POO_Andreea\3#Proiect\ParcAuto\ParcAuto\Debug\link.7668.read.1.tlog
D:\EXISTENTE_AICI_PE_D\POO_Andreea\3#Proiect\ParcAuto\ParcAuto\Debug\link.7668.write.1.tlog
D:\EXISTENTE_AICI_PE_D\POO_Andreea\3#Proiect\ParcAuto\ParcAuto\Debug\link.8164-cvtres.read.1.tlog
D:\EXISTENTE_AICI_PE_D\POO_Andreea\3#Proiect\ParcAuto\ParcAuto\Debug\link.8164-cvtres.write.1.tlog
D:\EXISTENTE_AICI_PE_D\POO_Andreea\3#Proiect\ParcAuto\ParcAuto\Debug\link.8164-rc.read.1.tlog
D:\EXISTENTE_AICI_PE_D\POO_Andreea\3#Proiect\ParcAuto\ParcAuto\Debug\link.8164-rc.write.1.tlog
D:\EXISTENTE_AICI_PE_D\POO_Andreea\3#Proiect\ParcAuto\ParcAuto\Debug\link.8164.read.1.tlog
D:\EXISTENTE_AICI_PE_D\POO_Andreea\3#Proiect\ParcAuto\ParcAuto\Debug\link.8164.write.1.tlog
D:\EXISTENTE_AICI_PE_D\POO_Andreea\3#Proiect\ParcAuto\ParcAuto\Debug\link.command.1.tlog
D:\EXISTENTE_AICI_PE_D\POO_Andreea\3#Proiect\ParcAuto\ParcAuto\Debug\link.read.1.tlog
D:\EXISTENTE_AICI_PE_D\POO_Andreea\3#Proiect\ParcAuto\ParcAuto\Debug\link.write.1.tlog
D:\EXISTENTE_AICI_PE_D\POO_Andreea\3#Proiect\ParcAuto\ParcAuto\Debug\metagen.read.1.tlog
D:\EXISTENTE_AICI_PE_D\POO_Andreea\3#Proiect\ParcAuto\ParcAuto\Debug\metagen.write.1.tlog
D:\EXISTENTE_AICI_PE_D\POO_Andreea\3#Proiect\ParcAuto\ParcAuto\Debug\rc.command.1.tlog
D:\EXISTENTE_AICI_PE_D\POO_Andreea\3#Proiect\ParcAuto\ParcAuto\Debug\rc.read.1.tlog
D:\EXISTENTE_AICI_PE_D\POO_Andreea\3#Proiect\ParcAuto\ParcAuto\Debug\rc.write.1.tlog
D:\EXISTENTE_AICI_PE_D\POO_Andreea\3#Proiect\ParcAuto\ParcAuto\Debug\app.res
D:\EXISTENTE_AICI_PE_D\POO_Andreea\3#Proiect\ParcAuto\ParcAuto\Debug\ParcAuto.pch
D:\EXISTENTE_AICI_PE_D\POO_Andreea\3#Proiect\ParcAuto\ParcAuto\Debug\vc110.pdb
D:\EXISTENTE_AICI_PE_D\POO_Andreea\3#Proiect\ParcAuto\ParcAuto\Debug\TZRES.DLL.bi
D:\EXISTENTE_AICI_PE_D\POO_Andreea\3#Proiect\ParcAuto\Debug\ParcAuto.pdb
D:\EXISTENTE_AICI_PE_D\POO_Andreea\3#Proiect\ParcAuto\Debug\ParcAuto.ilk
